<?xml version="1.0" encoding="UTF-8"?>
<testng-results ignored="347" total="394" passed="44" failed="3" skipped="0">
    <reporter-output>
        <line>
            <![CDATA[Test Case Id : <a href="https://app.qase.io/case/NP-24"></a>]]>
        </line>
        <line>
            <![CDATA[Step : verify okey_button_popup is displayed<br>]]>
        </line>
        <line>
            <![CDATA[<h1 style="color:green;font-size:15px;">Test Passed</h1> ]]>
        </line>
        <line>
            <![CDATA[Step : Click on okey_button_popup<br>]]>
        </line>
        <line>
            <![CDATA[Step : verify email is displayed<br>]]>
        </line>
        <line>
            <![CDATA[<h1 style="color:green;font-size:15px;">Test Passed</h1> ]]>
        </line>
        <line>
            <![CDATA[Step : verify password is displayed<br>]]>
        </line>
        <line>
            <![CDATA[<h1 style="color:green;font-size:15px;">Test Passed</h1> ]]>
        </line>
        <line>
            <![CDATA[Step : verify login_button is displayed<br>]]>
        </line>
        <line>
            <![CDATA[Step : Incorrect Locator Type<br>]]>
        </line>
        <line>
            <![CDATA[<h1 style="color:green;font-size:15px;">Test Passed</h1> ]]>
        </line>
        <line>
            <![CDATA[Step : Click on email<br>]]>
        </line>
        <line>
            <![CDATA[Step : Enter text viral@nevvon.com at locator email<br>]]>
        </line>
        <line>
            <![CDATA[Step : Click on password<br>]]>
        </line>
        <line>
            <![CDATA[Step : Enter text Viral@1010 at locator password<br>]]>
        </line>
        <line>
            <![CDATA[Step : Click on login_button<br>]]>
        </line>
        <line>
            <![CDATA[Step : Incorrect Locator Type<br>]]>
        </line>
        <line>
            <![CDATA[Step : verify home_bottom_button is displayed<br>]]>
        </line>
        <line>
            <![CDATA[<h1 style="color:green;font-size:15px;">Test Passed</h1> ]]>
        </line>
        <line>
            <![CDATA[Step : verify search_bottom_button is displayed<br>]]>
        </line>
        <line>
            <![CDATA[<h1 style="color:green;font-size:15px;">Test Passed</h1> ]]>
        </line>
        <line>
            <![CDATA[Step : verify Notification_bottom_button is displayed<br>]]>
        </line>
        <line>
            <![CDATA[<h1 style="color:green;font-size:15px;">Test Passed</h1> ]]>
        </line>
        <line>
            <![CDATA[Step : verify Bookmarks_bottom_button is displayed<br>]]>
        </line>
        <line>
            <![CDATA[<h1 style="color:green;font-size:15px;">Test Passed</h1> ]]>
        </line>
        <line>
            <![CDATA[Test Case Id : <a href="https://app.qase.io/case/NP-29"></a>]]>
        </line>
        <line>
            <![CDATA[Step : verify okey_button_popup is displayed<br>]]>
        </line>
        <line>
            <![CDATA[<h1 style="color:green;font-size:15px;">Test Passed</h1> ]]>
        </line>
        <line>
            <![CDATA[Step : Click on okey_button_popup<br>]]>
        </line>
        <line>
            <![CDATA[<h1 style="color:red;font-size:15px;">Test Failed</h1>   ]]>
        </line>
        <line>
            <![CDATA[Step : <img src="/Users/indianic/Documents/GitHub/testing/src/test/resources/failed_test_screenshot/verify_registered_user_is_trying_to_login_by_entering_valid_email_and_invalid_password_5pVMJ.png" alt="test" width="1024" height="640"><br>]]>
        </line>
        <line>
            <![CDATA[Test Case Id : <a href="https://app.qase.io/case/NP-26"></a>]]>
        </line>
        <line>
            <![CDATA[Step : verify okey_button_popup is displayed<br>]]>
        </line>
        <line>
            <![CDATA[<h1 style="color:green;font-size:15px;">Test Passed</h1> ]]>
        </line>
        <line>
            <![CDATA[Step : Click on okey_button_popup<br>]]>
        </line>
        <line>
            <![CDATA[Step : verify email is displayed<br>]]>
        </line>
        <line>
            <![CDATA[<h1 style="color:green;font-size:15px;">Test Passed</h1> ]]>
        </line>
        <line>
            <![CDATA[Step : verify password is displayed<br>]]>
        </line>
        <line>
            <![CDATA[<h1 style="color:green;font-size:15px;">Test Passed</h1> ]]>
        </line>
        <line>
            <![CDATA[Step : verify login_button is displayed<br>]]>
        </line>
        <line>
            <![CDATA[Step : Incorrect Locator Type<br>]]>
        </line>
        <line>
            <![CDATA[<h1 style="color:green;font-size:15px;">Test Passed</h1> ]]>
        </line>
        <line>
            <![CDATA[Step : Click on email<br>]]>
        </line>
        <line>
            <![CDATA[Step : Enter text  at locator email<br>]]>
        </line>
        <line>
            <![CDATA[Step : Click on password<br>]]>
        </line>
        <line>
            <![CDATA[Step : Enter text QA_12345 at locator password<br>]]>
        </line>
        <line>
            <![CDATA[Step : Click on login_button<br>]]>
        </line>
        <line>
            <![CDATA[Step : Incorrect Locator Type<br>]]>
        </line>
        <line>
            <![CDATA[Step : verify email_error_message is displayed<br>]]>
        </line>
        <line>
            <![CDATA[<h1 style="color:green;font-size:15px;">Test Passed</h1> ]]>
        </line>
        <line>
            <![CDATA[Test Case Id : <a href="https://app.qase.io/case/NP-27"></a>]]>
        </line>
        <line>
            <![CDATA[Step : verify okey_button_popup is displayed<br>]]>
        </line>
        <line>
            <![CDATA[<h1 style="color:green;font-size:15px;">Test Passed</h1> ]]>
        </line>
        <line>
            <![CDATA[Step : Click on okey_button_popup<br>]]>
        </line>
        <line>
            <![CDATA[Step : verify email is displayed<br>]]>
        </line>
        <line>
            <![CDATA[<h1 style="color:green;font-size:15px;">Test Passed</h1> ]]>
        </line>
        <line>
            <![CDATA[Step : verify password is displayed<br>]]>
        </line>
        <line>
            <![CDATA[<h1 style="color:green;font-size:15px;">Test Passed</h1> ]]>
        </line>
        <line>
            <![CDATA[Step : verify login_button is displayed<br>]]>
        </line>
        <line>
            <![CDATA[Step : Incorrect Locator Type<br>]]>
        </line>
        <line>
            <![CDATA[<h1 style="color:green;font-size:15px;">Test Passed</h1> ]]>
        </line>
        <line>
            <![CDATA[Step : Click on email<br>]]>
        </line>
        <line>
            <![CDATA[Step : Enter text qa_vir@yopmail.com at locator email<br>]]>
        </line>
        <line>
            <![CDATA[Step : Click on login_button<br>]]>
        </line>
        <line>
            <![CDATA[Step : Incorrect Locator Type<br>]]>
        </line>
        <line>
            <![CDATA[Step : verify password_error_message is displayed<br>]]>
        </line>
        <line>
            <![CDATA[<h1 style="color:green;font-size:15px;">Test Passed</h1> ]]>
        </line>
        <line>
            <![CDATA[Test Case Id : <a href="https://app.qase.io/case/NP-28"></a>]]>
        </line>
        <line>
            <![CDATA[Step : verify okey_button_popup is displayed<br>]]>
        </line>
        <line>
            <![CDATA[<h1 style="color:green;font-size:15px;">Test Passed</h1> ]]>
        </line>
        <line>
            <![CDATA[Step : Click on okey_button_popup<br>]]>
        </line>
        <line>
            <![CDATA[Step : verify email is displayed<br>]]>
        </line>
        <line>
            <![CDATA[<h1 style="color:green;font-size:15px;">Test Passed</h1> ]]>
        </line>
        <line>
            <![CDATA[Step : verify password is displayed<br>]]>
        </line>
        <line>
            <![CDATA[<h1 style="color:green;font-size:15px;">Test Passed</h1> ]]>
        </line>
        <line>
            <![CDATA[Step : verify login_button is displayed<br>]]>
        </line>
        <line>
            <![CDATA[Step : Incorrect Locator Type<br>]]>
        </line>
        <line>
            <![CDATA[<h1 style="color:green;font-size:15px;">Test Passed</h1> ]]>
        </line>
        <line>
            <![CDATA[Step : Click on login_button<br>]]>
        </line>
        <line>
            <![CDATA[Step : Incorrect Locator Type<br>]]>
        </line>
        <line>
            <![CDATA[Step : verify email_error_message is displayed<br>]]>
        </line>
        <line>
            <![CDATA[<h1 style="color:green;font-size:15px;">Test Passed</h1> ]]>
        </line>
        <line>
            <![CDATA[Step : verify password_error_message is displayed<br>]]>
        </line>
        <line>
            <![CDATA[<h1 style="color:green;font-size:15px;">Test Passed</h1> ]]>
        </line>
        <line>
            <![CDATA[Test Case Id : <a href="https://app.qase.io/case/NP-31"></a>]]>
        </line>
        <line>
            <![CDATA[Test Case Id : <a href="https://app.qase.io/case/NP-32"></a>]]>
        </line>
        <line>
            <![CDATA[Test Case Id : <a href="https://app.qase.io/case/NP-33"></a>]]>
        </line>
        <line>
            <![CDATA[Step : verify okey_button_popup is displayed<br>]]>
        </line>
        <line>
            <![CDATA[<h1 style="color:green;font-size:15px;">Test Passed</h1> ]]>
        </line>
        <line>
            <![CDATA[Step : Click on okey_button_popup<br>]]>
        </line>
        <line>
            <![CDATA[Step : verify email is displayed<br>]]>
        </line>
        <line>
            <![CDATA[<h1 style="color:green;font-size:15px;">Test Passed</h1> ]]>
        </line>
        <line>
            <![CDATA[Step : verify password is displayed<br>]]>
        </line>
        <line>
            <![CDATA[<h1 style="color:green;font-size:15px;">Test Passed</h1> ]]>
        </line>
        <line>
            <![CDATA[Step : verify login_button is displayed<br>]]>
        </line>
        <line>
            <![CDATA[Step : Incorrect Locator Type<br>]]>
        </line>
        <line>
            <![CDATA[<h1 style="color:green;font-size:15px;">Test Passed</h1> ]]>
        </line>
        <line>
            <![CDATA[Step : Click on email<br>]]>
        </line>
        <line>
            <![CDATA[Step : Enter text qa_viryopmail.com at locator email<br>]]>
        </line>
        <line>
            <![CDATA[Step : Click on password<br>]]>
        </line>
        <line>
            <![CDATA[Step : Enter text 123456a at locator password<br>]]>
        </line>
        <line>
            <![CDATA[Step : Click on login_button<br>]]>
        </line>
        <line>
            <![CDATA[Step : Incorrect Locator Type<br>]]>
        </line>
        <line>
            <![CDATA[Step : Incorrect Locator Type<br>]]>
        </line>
        <line>
            <![CDATA[Step : verify user_not_found_message is displayed<br>]]>
        </line>
        <line>
            <![CDATA[Step : Incorrect Locator Type<br>]]>
        </line>
        <line>
            <![CDATA[<h1 style="color:green;font-size:15px;">Test Passed</h1> ]]>
        </line>
        <line>
            <![CDATA[Test Case Id : <a href="https://app.qase.io/case/NP-95"></a>]]>
        </line>
        <line>
            <![CDATA[Step : verify okey_button_popup is displayed<br>]]>
        </line>
        <line>
            <![CDATA[<h1 style="color:green;font-size:15px;">Test Passed</h1> ]]>
        </line>
        <line>
            <![CDATA[Step : Click on okey_button_popup<br>]]>
        </line>
        <line>
            <![CDATA[Step : Click on need_help_button<br>]]>
        </line>
        <line>
            <![CDATA[Test Case Id : <a href="https://app.qase.io/case/NP-30"></a>]]>
        </line>
        <line>
            <![CDATA[Step : verify okey_button_popup is displayed<br>]]>
        </line>
        <line>
            <![CDATA[<h1 style="color:green;font-size:15px;">Test Passed</h1> ]]>
        </line>
        <line>
            <![CDATA[Step : Click on okey_button_popup<br>]]>
        </line>
        <line>
            <![CDATA[Step : verify email is displayed<br>]]>
        </line>
        <line>
            <![CDATA[<h1 style="color:green;font-size:15px;">Test Passed</h1> ]]>
        </line>
        <line>
            <![CDATA[Step : verify password is displayed<br>]]>
        </line>
        <line>
            <![CDATA[<h1 style="color:green;font-size:15px;">Test Passed</h1> ]]>
        </line>
        <line>
            <![CDATA[Step : verify login_button is displayed<br>]]>
        </line>
        <line>
            <![CDATA[Step : Incorrect Locator Type<br>]]>
        </line>
        <line>
            <![CDATA[<h1 style="color:green;font-size:15px;">Test Passed</h1> ]]>
        </line>
        <line>
            <![CDATA[Step : Click on email<br>]]>
        </line>
        <line>
            <![CDATA[Step : Enter text q_vir@yopmail.com at locator email<br>]]>
        </line>
        <line>
            <![CDATA[Step : Click on password<br>]]>
        </line>
        <line>
            <![CDATA[Step : Enter text QA_12345 at locator password<br>]]>
        </line>
        <line>
            <![CDATA[Step : Click on login_button<br>]]>
        </line>
        <line>
            <![CDATA[Step : Incorrect Locator Type<br>]]>
        </line>
        <line>
            <![CDATA[Step : Incorrect Locator Type<br>]]>
        </line>
        <line>
            <![CDATA[Step : verify user_not_found_message is displayed<br>]]>
        </line>
        <line>
            <![CDATA[Step : Incorrect Locator Type<br>]]>
        </line>
        <line>
            <![CDATA[<h1 style="color:green;font-size:15px;">Test Passed</h1> ]]>
        </line>
        <line>
            <![CDATA[Test Case Id : <a href="https://app.qase.io/case/NP-34"></a>]]>
        </line>
        <line>
            <![CDATA[Step : verify okey_button_popup is displayed<br>]]>
        </line>
        <line>
            <![CDATA[<h1 style="color:green;font-size:15px;">Test Passed</h1> ]]>
        </line>
        <line>
            <![CDATA[Step : Click on okey_button_popup<br>]]>
        </line>
        <line>
            <![CDATA[Step : verify email is displayed<br>]]>
        </line>
        <line>
            <![CDATA[<h1 style="color:green;font-size:15px;">Test Passed</h1> ]]>
        </line>
        <line>
            <![CDATA[Step : verify password is displayed<br>]]>
        </line>
        <line>
            <![CDATA[<h1 style="color:green;font-size:15px;">Test Passed</h1> ]]>
        </line>
        <line>
            <![CDATA[Step : verify login_button is displayed<br>]]>
        </line>
        <line>
            <![CDATA[Step : Incorrect Locator Type<br>]]>
        </line>
        <line>
            <![CDATA[<h1 style="color:green;font-size:15px;">Test Passed</h1> ]]>
        </line>
        <line>
            <![CDATA[Step : Click on email<br>]]>
        </line>
        <line>
            <![CDATA[Step : Enter text <viral>@nevvon.com at locator email<br>]]>
        </line>
        <line>
            <![CDATA[Step : Click on password<br>]]>
        </line>
        <line>
            <![CDATA[Step : Enter text 123456a at locator password<br>]]>
        </line>
        <line>
            <![CDATA[Step : Click on login_button<br>]]>
        </line>
        <line>
            <![CDATA[Step : Incorrect Locator Type<br>]]>
        </line>
        <line>
            <![CDATA[Step : Incorrect Locator Type<br>]]>
        </line>
        <line>
            <![CDATA[Step : verify user_not_found_message is displayed<br>]]>
        </line>
        <line>
            <![CDATA[Step : Incorrect Locator Type<br>]]>
        </line>
        <line>
            <![CDATA[<h1 style="color:green;font-size:15px;">Test Passed</h1> ]]>
        </line>
        <line>
            <![CDATA[Test Case Id : <a href="https://app.qase.io/case/NP-39"></a>]]>
        </line>
        <line>
            <![CDATA[Step : verify okey_button_popup is displayed<br>]]>
        </line>
        <line>
            <![CDATA[<h1 style="color:green;font-size:15px;">Test Passed</h1> ]]>
        </line>
        <line>
            <![CDATA[Step : Click on okey_button_popup<br>]]>
        </line>
        <line>
            <![CDATA[Step : verify email is displayed<br>]]>
        </line>
        <line>
            <![CDATA[<h1 style="color:green;font-size:15px;">Test Passed</h1> ]]>
        </line>
        <line>
            <![CDATA[Step : verify password is displayed<br>]]>
        </line>
        <line>
            <![CDATA[<h1 style="color:green;font-size:15px;">Test Passed</h1> ]]>
        </line>
        <line>
            <![CDATA[Step : verify login_button is displayed<br>]]>
        </line>
        <line>
            <![CDATA[Step : Incorrect Locator Type<br>]]>
        </line>
        <line>
            <![CDATA[<h1 style="color:green;font-size:15px;">Test Passed</h1> ]]>
        </line>
        <line>
            <![CDATA[Step : verify forgot_password_button is displayed<br>]]>
        </line>
        <line>
            <![CDATA[<h1 style="color:green;font-size:15px;">Test Passed</h1> ]]>
        </line>
        <line>
            <![CDATA[Step : Click on forgot_password_button<br>]]>
        </line>
        <line>
            <![CDATA[Step : verify user_email_text_box is displayed<br>]]>
        </line>
        <line>
            <![CDATA[<h1 style="color:green;font-size:15px;">Test Passed</h1> ]]>
        </line>
        <line>
            <![CDATA[Test Case Id : <a href="https://app.qase.io/case/NP-40"></a>]]>
        </line>
        <line>
            <![CDATA[Step : verify okey_button_popup is displayed<br>]]>
        </line>
        <line>
            <![CDATA[<h1 style="color:green;font-size:15px;">Test Passed</h1> ]]>
        </line>
        <line>
            <![CDATA[Step : Click on okey_button_popup<br>]]>
        </line>
        <line>
            <![CDATA[Step : verify email is displayed<br>]]>
        </line>
        <line>
            <![CDATA[<h1 style="color:green;font-size:15px;">Test Passed</h1> ]]>
        </line>
        <line>
            <![CDATA[Step : verify password is displayed<br>]]>
        </line>
        <line>
            <![CDATA[<h1 style="color:green;font-size:15px;">Test Passed</h1> ]]>
        </line>
        <line>
            <![CDATA[Step : verify login_button is displayed<br>]]>
        </line>
        <line>
            <![CDATA[Step : Incorrect Locator Type<br>]]>
        </line>
        <line>
            <![CDATA[<h1 style="color:green;font-size:15px;">Test Passed</h1> ]]>
        </line>
        <line>
            <![CDATA[Step : verify forgot_password_button is displayed<br>]]>
        </line>
        <line>
            <![CDATA[<h1 style="color:green;font-size:15px;">Test Passed</h1> ]]>
        </line>
        <line>
            <![CDATA[Step : Click on forgot_password_button<br>]]>
        </line>
        <line>
            <![CDATA[Step : verify user_email_text_box is displayed<br>]]>
        </line>
        <line>
            <![CDATA[<h1 style="color:green;font-size:15px;">Test Passed</h1> ]]>
        </line>
        <line>
            <![CDATA[Step : Click on user_email_text_box<br>]]>
        </line>
        <line>
            <![CDATA[Step : Enter text qa_vir@yopmail.com at locator user_email_text_box<br>]]>
        </line>
        <line>
            <![CDATA[Step : verify send_reset_password_button is displayed<br>]]>
        </line>
        <line>
            <![CDATA[<h1 style="color:green;font-size:15px;">Test Passed</h1> ]]>
        </line>
        <line>
            <![CDATA[Step : Click on send_reset_password_button<br>]]>
        </line>
        <line>
            <![CDATA[Step : verify element email_send_message attribute content-desc text is equal Email sent<br>]]>
        </line>
        <line>
            <![CDATA[<h1 style="color:green;font-size:15px;">Test Passed</h1> ]]>
        </line>
        <line>
            <![CDATA[Test Case Id : <a href="https://app.qase.io/case/NP-41"></a>]]>
        </line>
        <line>
            <![CDATA[Step : verify okey_button_popup is displayed<br>]]>
        </line>
        <line>
            <![CDATA[<h1 style="color:green;font-size:15px;">Test Passed</h1> ]]>
        </line>
        <line>
            <![CDATA[Step : Click on okey_button_popup<br>]]>
        </line>
        <line>
            <![CDATA[Step : verify email is displayed<br>]]>
        </line>
        <line>
            <![CDATA[<h1 style="color:green;font-size:15px;">Test Passed</h1> ]]>
        </line>
        <line>
            <![CDATA[Step : verify password is displayed<br>]]>
        </line>
        <line>
            <![CDATA[<h1 style="color:green;font-size:15px;">Test Passed</h1> ]]>
        </line>
        <line>
            <![CDATA[Step : verify login_button is displayed<br>]]>
        </line>
        <line>
            <![CDATA[Step : Incorrect Locator Type<br>]]>
        </line>
        <line>
            <![CDATA[<h1 style="color:green;font-size:15px;">Test Passed</h1> ]]>
        </line>
        <line>
            <![CDATA[Step : verify forgot_password_button is displayed<br>]]>
        </line>
        <line>
            <![CDATA[<h1 style="color:green;font-size:15px;">Test Passed</h1> ]]>
        </line>
        <line>
            <![CDATA[Step : Click on forgot_password_button<br>]]>
        </line>
        <line>
            <![CDATA[Step : verify user_email_text_box is displayed<br>]]>
        </line>
        <line>
            <![CDATA[<h1 style="color:green;font-size:15px;">Test Passed</h1> ]]>
        </line>
        <line>
            <![CDATA[Step : Click on user_email_text_box<br>]]>
        </line>
        <line>
            <![CDATA[Step : Enter text abc123@yopmail.com at locator user_email_text_box<br>]]>
        </line>
        <line>
            <![CDATA[Step : verify send_reset_password_button is displayed<br>]]>
        </line>
        <line>
            <![CDATA[<h1 style="color:green;font-size:15px;">Test Passed</h1> ]]>
        </line>
        <line>
            <![CDATA[Step : Click on send_reset_password_button<br>]]>
        </line>
        <line>
            <![CDATA[Step : verify email is displayed<br>]]>
        </line>
        <line>
            <![CDATA[<h1 style="color:green;font-size:15px;">Test Passed</h1> ]]>
        </line>
        <line>
            <![CDATA[Step : verify password is displayed<br>]]>
        </line>
        <line>
            <![CDATA[<h1 style="color:green;font-size:15px;">Test Passed</h1> ]]>
        </line>
        <line>
            <![CDATA[Test Case Id : <a href="https://app.qase.io/case/NP-138"></a>]]>
        </line>
        <line>
            <![CDATA[Step : verify okey_button_popup is displayed<br>]]>
        </line>
        <line>
            <![CDATA[<h1 style="color:green;font-size:15px;">Test Passed</h1> ]]>
        </line>
        <line>
            <![CDATA[Step : Click on okey_button_popup<br>]]>
        </line>
        <line>
            <![CDATA[Step : Click on email<br>]]>
        </line>
        <line>
            <![CDATA[Step : Enter text viral@nevvon.com at locator email<br>]]>
        </line>
        <line>
            <![CDATA[Step : Click on password<br>]]>
        </line>
        <line>
            <![CDATA[Step : Enter text Viral@1010 at locator password<br>]]>
        </line>
        <line>
            <![CDATA[Step : Click on login_button<br>]]>
        </line>
        <line>
            <![CDATA[Step : Incorrect Locator Type<br>]]>
        </line>
        <line>
            <![CDATA[Step : verify profile_icon is displayed<br>]]>
        </line>
        <line>
            <![CDATA[<h1 style="color:green;font-size:15px;">Test Passed</h1> ]]>
        </line>
        <line>
            <![CDATA[Step : Click on profile_icon<br>]]>
        </line>
        <line>
            <![CDATA[Step : verify home_back_button is displayed<br>]]>
        </line>
        <line>
            <![CDATA[<h1 style="color:green;font-size:15px;">Test Passed</h1> ]]>
        </line>
        <line>
            <![CDATA[Step : Click on home_back_button<br>]]>
        </line>
        <line>
            <![CDATA[Step : verify home_bottom_button is displayed<br>]]>
        </line>
        <line>
            <![CDATA[<h1 style="color:green;font-size:15px;">Test Passed</h1> ]]>
        </line>
        <line>
            <![CDATA[Test Case Id : <a href="https://app.qase.io/case/NP-44"></a>]]>
        </line>
        <line>
            <![CDATA[Step : verify okey_button_popup is displayed<br>]]>
        </line>
        <line>
            <![CDATA[<h1 style="color:green;font-size:15px;">Test Passed</h1> ]]>
        </line>
        <line>
            <![CDATA[Step : Click on okey_button_popup<br>]]>
        </line>
        <line>
            <![CDATA[Step : verify email is displayed<br>]]>
        </line>
        <line>
            <![CDATA[<h1 style="color:green;font-size:15px;">Test Passed</h1> ]]>
        </line>
        <line>
            <![CDATA[Step : verify password is displayed<br>]]>
        </line>
        <line>
            <![CDATA[<h1 style="color:green;font-size:15px;">Test Passed</h1> ]]>
        </line>
        <line>
            <![CDATA[Step : verify login_button is displayed<br>]]>
        </line>
        <line>
            <![CDATA[Step : Incorrect Locator Type<br>]]>
        </line>
        <line>
            <![CDATA[<h1 style="color:green;font-size:15px;">Test Passed</h1> ]]>
        </line>
        <line>
            <![CDATA[Step : Click on email<br>]]>
        </line>
        <line>
            <![CDATA[Step : Enter text viral@nevvon.com at locator email<br>]]>
        </line>
        <line>
            <![CDATA[Step : Click on password<br>]]>
        </line>
        <line>
            <![CDATA[Step : Enter text Viral@1010 at locator password<br>]]>
        </line>
        <line>
            <![CDATA[Step : Click on login_button<br>]]>
        </line>
        <line>
            <![CDATA[Step : Incorrect Locator Type<br>]]>
        </line>
        <line>
            <![CDATA[Step : Click on profile_icon<br>]]>
        </line>
        <line>
            <![CDATA[Step : verify profile_tab is displayed<br>]]>
        </line>
        <line>
            <![CDATA[<h1 style="color:green;font-size:15px;">Test Passed</h1> ]]>
        </line>
        <line>
            <![CDATA[Step : verify language_tab is displayed<br>]]>
        </line>
        <line>
            <![CDATA[<h1 style="color:red;font-size:15px;">Test Failed</h1>   ]]>
        </line>
        <line>
            <![CDATA[Step : <img src="/Users/indianic/Documents/GitHub/testing/src/test/resources/failed_test_screenshot/verify_that_user_is_able_to_see_profile_details_at_profile_option_Lh5WV.png" alt="test" width="1024" height="640"><br>]]>
        </line>
        <line>
            <![CDATA[Test Case Id : <a href="https://app.qase.io/case/NP-49"></a>]]>
        </line>
        <line>
            <![CDATA[Step : verify okey_button_popup is displayed<br>]]>
        </line>
        <line>
            <![CDATA[<h1 style="color:green;font-size:15px;">Test Passed</h1> ]]>
        </line>
        <line>
            <![CDATA[Step : Click on okey_button_popup<br>]]>
        </line>
        <line>
            <![CDATA[Step : Click on email<br>]]>
        </line>
        <line>
            <![CDATA[Step : Enter text viral@nevvon.com at locator email<br>]]>
        </line>
        <line>
            <![CDATA[Step : Click on password<br>]]>
        </line>
        <line>
            <![CDATA[Step : Enter text Viral@1010 at locator password<br>]]>
        </line>
        <line>
            <![CDATA[Step : Click on login_button<br>]]>
        </line>
        <line>
            <![CDATA[Step : Incorrect Locator Type<br>]]>
        </line>
        <line>
            <![CDATA[Step : verify profile_icon is displayed<br>]]>
        </line>
        <line>
            <![CDATA[<h1 style="color:green;font-size:15px;">Test Passed</h1> ]]>
        </line>
        <line>
            <![CDATA[Step : Click on profile_icon<br>]]>
        </line>
        <line>
            <![CDATA[Step : Click on profile_tab<br>]]>
        </line>
        <line>
            <![CDATA[Step : verify first_name_text_box is displayed<br>]]>
        </line>
        <line>
            <![CDATA[<h1 style="color:green;font-size:15px;">Test Passed</h1> ]]>
        </line>
        <line>
            <![CDATA[Step : Click on first_name_text_box<br>]]>
        </line>
        <line>
            <![CDATA[Step : clear value from first_name_text_box text fields<br>]]>
        </line>
        <line>
            <![CDATA[Step : Enter text Automation at locator first_name_text_box<br>]]>
        </line>
        <line>
            <![CDATA[Step : verify cancel_button is displayed<br>]]>
        </line>
        <line>
            <![CDATA[Step : Incorrect Locator Type<br>]]>
        </line>
        <line>
            <![CDATA[<h1 style="color:green;font-size:15px;">Test Passed</h1> ]]>
        </line>
        <line>
            <![CDATA[Step : Click on cancel_button<br>]]>
        </line>
        <line>
            <![CDATA[Step : Incorrect Locator Type<br>]]>
        </line>
        <line>
            <![CDATA[Step : verify profile_user_name_text is displayed<br>]]>
        </line>
        <line>
            <![CDATA[<h1 style="color:green;font-size:15px;">Test Passed</h1> ]]>
        </line>
        <line>
            <![CDATA[Test Case Id : <a href="https://app.qase.io/case/NP-50"></a>]]>
        </line>
        <line>
            <![CDATA[Step : verify okey_button_popup is displayed<br>]]>
        </line>
        <line>
            <![CDATA[<h1 style="color:green;font-size:15px;">Test Passed</h1> ]]>
        </line>
        <line>
            <![CDATA[Step : Click on okey_button_popup<br>]]>
        </line>
        <line>
            <![CDATA[Step : Click on email<br>]]>
        </line>
        <line>
            <![CDATA[Step : Enter text viral@nevvon.com at locator email<br>]]>
        </line>
        <line>
            <![CDATA[Step : Click on password<br>]]>
        </line>
        <line>
            <![CDATA[Step : Enter text Viral@1010 at locator password<br>]]>
        </line>
        <line>
            <![CDATA[Step : Click on login_button<br>]]>
        </line>
        <line>
            <![CDATA[Step : Incorrect Locator Type<br>]]>
        </line>
        <line>
            <![CDATA[Step : verify profile_icon is displayed<br>]]>
        </line>
        <line>
            <![CDATA[<h1 style="color:green;font-size:15px;">Test Passed</h1> ]]>
        </line>
        <line>
            <![CDATA[Step : Click on profile_icon<br>]]>
        </line>
        <line>
            <![CDATA[Step : Click on profile_tab<br>]]>
        </line>
        <line>
            <![CDATA[Step : verify first_name_text_box is displayed<br>]]>
        </line>
        <line>
            <![CDATA[<h1 style="color:green;font-size:15px;">Test Passed</h1> ]]>
        </line>
        <line>
            <![CDATA[Step : Click on first_name_text_box<br>]]>
        </line>
        <line>
            <![CDATA[Step : clear value from first_name_text_box text fields<br>]]>
        </line>
        <line>
            <![CDATA[Step : Enter text Automation at locator first_name_text_box<br>]]>
        </line>
        <line>
            <![CDATA[Step : verify cancel_button is displayed<br>]]>
        </line>
        <line>
            <![CDATA[Step : Incorrect Locator Type<br>]]>
        </line>
        <line>
            <![CDATA[<h1 style="color:green;font-size:15px;">Test Passed</h1> ]]>
        </line>
        <line>
            <![CDATA[Step : Click on cancel_button<br>]]>
        </line>
        <line>
            <![CDATA[Step : Incorrect Locator Type<br>]]>
        </line>
        <line>
            <![CDATA[Step : verify profile_user_name_text is displayed<br>]]>
        </line>
        <line>
            <![CDATA[<h1 style="color:green;font-size:15px;">Test Passed</h1> ]]>
        </line>
        <line>
            <![CDATA[Test Case Id : <a href="https://app.qase.io/case/NP-137"></a>]]>
        </line>
        <line>
            <![CDATA[Step : verify okey_button_popup is displayed<br>]]>
        </line>
        <line>
            <![CDATA[<h1 style="color:green;font-size:15px;">Test Passed</h1> ]]>
        </line>
        <line>
            <![CDATA[Step : Click on okey_button_popup<br>]]>
        </line>
        <line>
            <![CDATA[Step : Click on email<br>]]>
        </line>
        <line>
            <![CDATA[Step : Enter text viral@nevvon.com at locator email<br>]]>
        </line>
        <line>
            <![CDATA[Step : Click on password<br>]]>
        </line>
        <line>
            <![CDATA[Step : Enter text Viral@1010 at locator password<br>]]>
        </line>
        <line>
            <![CDATA[Step : Click on login_button<br>]]>
        </line>
        <line>
            <![CDATA[Step : Incorrect Locator Type<br>]]>
        </line>
        <line>
            <![CDATA[Step : verify profile_icon is displayed<br>]]>
        </line>
        <line>
            <![CDATA[<h1 style="color:green;font-size:15px;">Test Passed</h1> ]]>
        </line>
        <line>
            <![CDATA[Step : Click on profile_icon<br>]]>
        </line>
        <line>
            <![CDATA[Step : Click on profile_tab<br>]]>
        </line>
        <line>
            <![CDATA[Step : verify first_name_text_box is displayed<br>]]>
        </line>
        <line>
            <![CDATA[<h1 style="color:green;font-size:15px;">Test Passed</h1> ]]>
        </line>
        <line>
            <![CDATA[Step : Click on back_button<br>]]>
        </line>
        <line>
            <![CDATA[Step : verify profile_user_name_text is displayed<br>]]>
        </line>
        <line>
            <![CDATA[<h1 style="color:green;font-size:15px;">Test Passed</h1> ]]>
        </line>
        <line>
            <![CDATA[Test Case Id : <a href="https://app.qase.io/case/NP-97"></a>]]>
        </line>
        <line>
            <![CDATA[Step : verify okey_button_popup is displayed<br>]]>
        </line>
        <line>
            <![CDATA[<h1 style="color:green;font-size:15px;">Test Passed</h1> ]]>
        </line>
        <line>
            <![CDATA[Step : Click on okey_button_popup<br>]]>
        </line>
        <line>
            <![CDATA[Step : Click on email<br>]]>
        </line>
        <line>
            <![CDATA[Step : Enter text viral@nevvon.com at locator email<br>]]>
        </line>
        <line>
            <![CDATA[Step : Click on password<br>]]>
        </line>
        <line>
            <![CDATA[Step : Enter text Viral@1010 at locator password<br>]]>
        </line>
        <line>
            <![CDATA[Step : Click on login_button<br>]]>
        </line>
        <line>
            <![CDATA[Step : Incorrect Locator Type<br>]]>
        </line>
        <line>
            <![CDATA[Step : verify Bookmarks_bottom_button is displayed<br>]]>
        </line>
        <line>
            <![CDATA[<h1 style="color:green;font-size:15px;">Test Passed</h1> ]]>
        </line>
        <line>
            <![CDATA[Step : Click on Bookmarks_bottom_button<br>]]>
        </line>
        <line>
            <![CDATA[Step : verify bookmarks_text is displayed<br>]]>
        </line>
        <line>
            <![CDATA[<h1 style="color:green;font-size:15px;">Test Passed</h1> ]]>
        </line>
        <line>
            <![CDATA[Step : verify Bookmarks_bottom_button is selected<br>]]>
        </line>
        <line>
            <![CDATA[<h1 style="color:green;font-size:15px;">Test Passed</h1> ]]>
        </line>
        <line>
            <![CDATA[Test Case Id : <a href="https://app.qase.io/case/NP-123"></a>]]>
        </line>
        <line>
            <![CDATA[Step : verify okey_button_popup is displayed<br>]]>
        </line>
        <line>
            <![CDATA[<h1 style="color:green;font-size:15px;">Test Passed</h1> ]]>
        </line>
        <line>
            <![CDATA[Step : Click on okey_button_popup<br>]]>
        </line>
        <line>
            <![CDATA[Step : Click on email<br>]]>
        </line>
        <line>
            <![CDATA[Step : Enter text viral@nevvon.com at locator email<br>]]>
        </line>
        <line>
            <![CDATA[Step : Click on password<br>]]>
        </line>
        <line>
            <![CDATA[Step : Enter text Viral@1010 at locator password<br>]]>
        </line>
        <line>
            <![CDATA[Step : Click on login_button<br>]]>
        </line>
        <line>
            <![CDATA[Step : Incorrect Locator Type<br>]]>
        </line>
        <line>
            <![CDATA[Step : Click on home_page_video<br>]]>
        </line>
        <line>
            <![CDATA[Step : Click on play_video_button<br>]]>
        </line>
        <line>
            <![CDATA[Test Case Id : <a href="https://app.qase.io/case/NP-100"></a>]]>
        </line>
        <line>
            <![CDATA[Step : verify okey_button_popup is displayed<br>]]>
        </line>
        <line>
            <![CDATA[<h1 style="color:green;font-size:15px;">Test Passed</h1> ]]>
        </line>
        <line>
            <![CDATA[Step : Click on okey_button_popup<br>]]>
        </line>
        <line>
            <![CDATA[Step : Click on email<br>]]>
        </line>
        <line>
            <![CDATA[Step : Enter text viral@nevvon.com at locator email<br>]]>
        </line>
        <line>
            <![CDATA[Step : Click on password<br>]]>
        </line>
        <line>
            <![CDATA[Step : Enter text Viral@1010 at locator password<br>]]>
        </line>
        <line>
            <![CDATA[Step : Click on login_button<br>]]>
        </line>
        <line>
            <![CDATA[Step : Incorrect Locator Type<br>]]>
        </line>
        <line>
            <![CDATA[Step : Click on search_bottom_button<br>]]>
        </line>
        <line>
            <![CDATA[Step : verify search_bottom_button is selected<br>]]>
        </line>
        <line>
            <![CDATA[<h1 style="color:green;font-size:15px;">Test Passed</h1> ]]>
        </line>
        <line>
            <![CDATA[Step : verify search_box_button is displayed<br>]]>
        </line>
        <line>
            <![CDATA[<h1 style="color:green;font-size:15px;">Test Passed</h1> ]]>
        </line>
        <line>
            <![CDATA[Step : Click on search_box_button<br>]]>
        </line>
        <line>
            <![CDATA[Step : Click on search_text_box<br>]]>
        </line>
        <line>
            <![CDATA[Step : Enter text Hipaa at locator search_text_box<br>]]>
        </line>
        <line>
            <![CDATA[<h1 style="color:green;font-size:15px;">Test Passed</h1> ]]>
        </line>
        <line>
            <![CDATA[Test Case Id : <a href="https://app.qase.io/case/NP-104"></a>]]>
        </line>
        <line>
            <![CDATA[Step : verify okey_button_popup is displayed<br>]]>
        </line>
        <line>
            <![CDATA[<h1 style="color:green;font-size:15px;">Test Passed</h1> ]]>
        </line>
        <line>
            <![CDATA[Step : Click on okey_button_popup<br>]]>
        </line>
        <line>
            <![CDATA[Step : Click on email<br>]]>
        </line>
        <line>
            <![CDATA[Step : Enter text viral@nevvon.com at locator email<br>]]>
        </line>
        <line>
            <![CDATA[Step : Click on password<br>]]>
        </line>
        <line>
            <![CDATA[Step : Enter text Viral@1010 at locator password<br>]]>
        </line>
        <line>
            <![CDATA[Step : Click on login_button<br>]]>
        </line>
        <line>
            <![CDATA[Step : Incorrect Locator Type<br>]]>
        </line>
        <line>
            <![CDATA[Step : Click on search_bottom_button<br>]]>
        </line>
        <line>
            <![CDATA[Step : verify search_bottom_button is selected<br>]]>
        </line>
        <line>
            <![CDATA[<h1 style="color:green;font-size:15px;">Test Passed</h1> ]]>
        </line>
        <line>
            <![CDATA[Step : verify search_box_button is displayed<br>]]>
        </line>
        <line>
            <![CDATA[<h1 style="color:green;font-size:15px;">Test Passed</h1> ]]>
        </line>
        <line>
            <![CDATA[Step : Click on search_box_button<br>]]>
        </line>
        <line>
            <![CDATA[Step : Click on search_text_box<br>]]>
        </line>
        <line>
            <![CDATA[Step : Enter text abc at locator search_text_box<br>]]>
        </line>
        <line>
            <![CDATA[Test Case Id : <a href="https://app.qase.io/case/NP-62"></a>]]>
        </line>
        <line>
            <![CDATA[Step : verify okey_button_popup is displayed<br>]]>
        </line>
        <line>
            <![CDATA[<h1 style="color:green;font-size:15px;">Test Passed</h1> ]]>
        </line>
        <line>
            <![CDATA[Step : Click on okey_button_popup<br>]]>
        </line>
        <line>
            <![CDATA[Step : Click on email<br>]]>
        </line>
        <line>
            <![CDATA[Step : Enter text viral@nevvon.com at locator email<br>]]>
        </line>
        <line>
            <![CDATA[Step : Click on password<br>]]>
        </line>
        <line>
            <![CDATA[Step : Enter text Viral@1010 at locator password<br>]]>
        </line>
        <line>
            <![CDATA[Step : Click on login_button<br>]]>
        </line>
        <line>
            <![CDATA[Step : Incorrect Locator Type<br>]]>
        </line>
        <line>
            <![CDATA[Step : Click on search_bottom_button<br>]]>
        </line>
        <line>
            <![CDATA[Step : verify search_bottom_button is selected<br>]]>
        </line>
        <line>
            <![CDATA[<h1 style="color:green;font-size:15px;">Test Passed</h1> ]]>
        </line>
        <line>
            <![CDATA[Step : verify search_box_button is displayed<br>]]>
        </line>
        <line>
            <![CDATA[<h1 style="color:green;font-size:15px;">Test Passed</h1> ]]>
        </line>
        <line>
            <![CDATA[Step : Click on search_box_button<br>]]>
        </line>
        <line>
            <![CDATA[Step : Click on search_text_box<br>]]>
        </line>
        <line>
            <![CDATA[Step : Enter text 3Kr at locator search_text_box<br>]]>
        </line>
        <line>
            <![CDATA[Step : verify modules_text is displayed<br>]]>
        </line>
        <line>
            <![CDATA[Step : Incorrect Locator Type<br>]]>
        </line>
        <line>
            <![CDATA[<h1 style="color:green;font-size:15px;">Test Passed</h1> ]]>
        </line>
        <line>
            <![CDATA[Step : verify modules_text is displayed<br>]]>
        </line>
        <line>
            <![CDATA[Step : Incorrect Locator Type<br>]]>
        </line>
        <line>
            <![CDATA[<h1 style="color:green;font-size:15px;">Test Passed</h1> ]]>
        </line>
        <line>
            <![CDATA[Test Case Id : <a href="https://app.qase.io/case/NP-856"></a>]]>
        </line>
        <line>
            <![CDATA[Step : verify okey_button_popup is displayed<br>]]>
        </line>
        <line>
            <![CDATA[<h1 style="color:green;font-size:15px;">Test Passed</h1> ]]>
        </line>
        <line>
            <![CDATA[Step : Click on okey_button_popup<br>]]>
        </line>
        <line>
            <![CDATA[Step : verify email is displayed<br>]]>
        </line>
        <line>
            <![CDATA[<h1 style="color:green;font-size:15px;">Test Passed</h1> ]]>
        </line>
        <line>
            <![CDATA[Step : verify password is displayed<br>]]>
        </line>
        <line>
            <![CDATA[<h1 style="color:green;font-size:15px;">Test Passed</h1> ]]>
        </line>
        <line>
            <![CDATA[Step : verify login_button is displayed<br>]]>
        </line>
        <line>
            <![CDATA[Step : Incorrect Locator Type<br>]]>
        </line>
        <line>
            <![CDATA[<h1 style="color:green;font-size:15px;">Test Passed</h1> ]]>
        </line>
        <line>
            <![CDATA[Step : Click on email<br>]]>
        </line>
        <line>
            <![CDATA[Step : Enter text viral@nevvon.com at locator email<br>]]>
        </line>
        <line>
            <![CDATA[Step : Click on password<br>]]>
        </line>
        <line>
            <![CDATA[Step : Enter text Viral@1010 at locator password<br>]]>
        </line>
        <line>
            <![CDATA[Step : Click on login_button<br>]]>
        </line>
        <line>
            <![CDATA[Step : Incorrect Locator Type<br>]]>
        </line>
        <line>
            <![CDATA[Step : Click on Notification_bottom_button<br>]]>
        </line>
        <line>
            <![CDATA[Step : verify notifications_text is displayed<br>]]>
        </line>
        <line>
            <![CDATA[<h1 style="color:green;font-size:15px;">Test Passed</h1> ]]>
        </line>
        <line>
            <![CDATA[Test Case Id : <a href="https://app.qase.io/case/NP-142"></a>]]>
        </line>
        <line>
            <![CDATA[Step : verify okey_button_popup is displayed<br>]]>
        </line>
        <line>
            <![CDATA[<h1 style="color:green;font-size:15px;">Test Passed</h1> ]]>
        </line>
        <line>
            <![CDATA[Step : Click on okey_button_popup<br>]]>
        </line>
        <line>
            <![CDATA[Step : verify sign_up_button is displayed<br>]]>
        </line>
        <line>
            <![CDATA[<h1 style="color:green;font-size:15px;">Test Passed</h1> ]]>
        </line>
        <line>
            <![CDATA[Step : Click on sign_up_button<br>]]>
        </line>
        <line>
            <![CDATA[Step : verify sign_up_email_box is displayed<br>]]>
        </line>
        <line>
            <![CDATA[<h1 style="color:green;font-size:15px;">Test Passed</h1> ]]>
        </line>
        <line>
            <![CDATA[Test Case Id : <a href="https://app.qase.io/case/NP-143"></a>]]>
        </line>
        <line>
            <![CDATA[Step : verify okey_button_popup is displayed<br>]]>
        </line>
        <line>
            <![CDATA[<h1 style="color:green;font-size:15px;">Test Passed</h1> ]]>
        </line>
        <line>
            <![CDATA[Step : Click on okey_button_popup<br>]]>
        </line>
        <line>
            <![CDATA[Step : Click on sign_up_button<br>]]>
        </line>
        <line>
            <![CDATA[Step : Click on sign_up_email_box<br>]]>
        </line>
        <line>
            <![CDATA[Step : Enter text manisha+123@yopmail.com at locator sign_up_email_box<br>]]>
        </line>
        <line>
            <![CDATA[Step : Click on sign_up_confirm_email_box<br>]]>
        </line>
        <line>
            <![CDATA[Step : Enter text manisha+123@yopmail.com at locator sign_up_confirm_email_box<br>]]>
        </line>
        <line>
            <![CDATA[Step : Click on sign_up_blue_button<br>]]>
        </line>
        <line>
            <![CDATA[Step : verify error_message_sign_up_password_box is displayed<br>]]>
        </line>
        <line>
            <![CDATA[<h1 style="color:green;font-size:15px;">Test Passed</h1> ]]>
        </line>
        <line>
            <![CDATA[Step : verify error_message_sign_up_confirm_password is displayed<br>]]>
        </line>
        <line>
            <![CDATA[<h1 style="color:green;font-size:15px;">Test Passed</h1> ]]>
        </line>
        <line>
            <![CDATA[Test Case Id : <a href="https://app.qase.io/case/NP-144"></a>]]>
        </line>
        <line>
            <![CDATA[Step : verify okey_button_popup is displayed<br>]]>
        </line>
        <line>
            <![CDATA[<h1 style="color:green;font-size:15px;">Test Passed</h1> ]]>
        </line>
        <line>
            <![CDATA[Step : Click on okey_button_popup<br>]]>
        </line>
        <line>
            <![CDATA[Step : verify sign_up_button is displayed<br>]]>
        </line>
        <line>
            <![CDATA[<h1 style="color:green;font-size:15px;">Test Passed</h1> ]]>
        </line>
        <line>
            <![CDATA[Step : Click on sign_up_button<br>]]>
        </line>
        <line>
            <![CDATA[Step : Click on sign_up_password_box<br>]]>
        </line>
        <line>
            <![CDATA[Step : Enter text QA_12345 at locator sign_up_password_box<br>]]>
        </line>
        <line>
            <![CDATA[Step : Click on sign_up_confirm_password<br>]]>
        </line>
        <line>
            <![CDATA[Step : Enter text QA_12345 at locator sign_up_confirm_password<br>]]>
        </line>
        <line>
            <![CDATA[Step : Click on sign_up_blue_button<br>]]>
        </line>
        <line>
            <![CDATA[Step : verify error_message_sign_up_email_box is displayed<br>]]>
        </line>
        <line>
            <![CDATA[<h1 style="color:green;font-size:15px;">Test Passed</h1> ]]>
        </line>
        <line>
            <![CDATA[Step : verify error_message_sign_up_confirm_email_box is displayed<br>]]>
        </line>
        <line>
            <![CDATA[<h1 style="color:green;font-size:15px;">Test Passed</h1> ]]>
        </line>
        <line>
            <![CDATA[Test Case Id : <a href="https://app.qase.io/case/NP-146"></a>]]>
        </line>
        <line>
            <![CDATA[Step : verify okey_button_popup is displayed<br>]]>
        </line>
        <line>
            <![CDATA[<h1 style="color:green;font-size:15px;">Test Passed</h1> ]]>
        </line>
        <line>
            <![CDATA[Step : Click on okey_button_popup<br>]]>
        </line>
        <line>
            <![CDATA[Step : verify sign_up_button is displayed<br>]]>
        </line>
        <line>
            <![CDATA[<h1 style="color:green;font-size:15px;">Test Passed</h1> ]]>
        </line>
        <line>
            <![CDATA[Step : Click on sign_up_button<br>]]>
        </line>
        <line>
            <![CDATA[Step : Click on sign_up_email_box<br>]]>
        </line>
        <line>
            <![CDATA[Step : Enter text manisha+123@yopmail.com at locator sign_up_email_box<br>]]>
        </line>
        <line>
            <![CDATA[Step : Click on sign_up_confirm_email_box<br>]]>
        </line>
        <line>
            <![CDATA[Step : Enter text manisha+12345@nevvon.com at locator sign_up_confirm_email_box<br>]]>
        </line>
        <line>
            <![CDATA[Step : Click on sign_up_password_box<br>]]>
        </line>
        <line>
            <![CDATA[Step : Enter text QA_12345 at locator sign_up_password_box<br>]]>
        </line>
        <line>
            <![CDATA[Step : Click on sign_up_confirm_password<br>]]>
        </line>
        <line>
            <![CDATA[Step : Enter text QA_12345 at locator sign_up_confirm_password<br>]]>
        </line>
        <line>
            <![CDATA[Step : Click on sign_up_blue_button<br>]]>
        </line>
        <line>
            <![CDATA[Step : verify error_message_for_email_password_match is displayed<br>]]>
        </line>
        <line>
            <![CDATA[<h1 style="color:green;font-size:15px;">Test Passed</h1> ]]>
        </line>
        <line>
            <![CDATA[Test Case Id : <a href="https://app.qase.io/case/NP-147"></a>]]>
        </line>
        <line>
            <![CDATA[Step : verify okey_button_popup is displayed<br>]]>
        </line>
        <line>
            <![CDATA[<h1 style="color:green;font-size:15px;">Test Passed</h1> ]]>
        </line>
        <line>
            <![CDATA[Step : Click on okey_button_popup<br>]]>
        </line>
        <line>
            <![CDATA[Step : verify sign_up_button is displayed<br>]]>
        </line>
        <line>
            <![CDATA[<h1 style="color:green;font-size:15px;">Test Passed</h1> ]]>
        </line>
        <line>
            <![CDATA[Step : Click on sign_up_button<br>]]>
        </line>
        <line>
            <![CDATA[Step : Click on sign_up_email_box<br>]]>
        </line>
        <line>
            <![CDATA[Step : Enter text manisha+123@yopmail.com at locator sign_up_email_box<br>]]>
        </line>
        <line>
            <![CDATA[Step : Click on sign_up_confirm_email_box<br>]]>
        </line>
        <line>
            <![CDATA[Step : Enter text manisha+123@yopmail.com at locator sign_up_confirm_email_box<br>]]>
        </line>
        <line>
            <![CDATA[Step : Click on sign_up_password_box<br>]]>
        </line>
        <line>
            <![CDATA[Step : Enter text QA_12345 at locator sign_up_password_box<br>]]>
        </line>
        <line>
            <![CDATA[Step : Click on sign_up_confirm_password<br>]]>
        </line>
        <line>
            <![CDATA[Step : Enter text Viral@12345 at locator sign_up_confirm_password<br>]]>
        </line>
        <line>
            <![CDATA[Step : Click on sign_up_blue_button<br>]]>
        </line>
        <line>
            <![CDATA[Step : verify error_message_for_email_password_match is displayed<br>]]>
        </line>
        <line>
            <![CDATA[<h1 style="color:green;font-size:15px;">Test Passed</h1> ]]>
        </line>
        <line>
            <![CDATA[Test Case Id : <a href="https://app.qase.io/case/NP-151"></a>]]>
        </line>
        <line>
            <![CDATA[Step : verify okey_button_popup is displayed<br>]]>
        </line>
        <line>
            <![CDATA[<h1 style="color:green;font-size:15px;">Test Passed</h1> ]]>
        </line>
        <line>
            <![CDATA[Step : Click on okey_button_popup<br>]]>
        </line>
        <line>
            <![CDATA[Step : verify sign_up_button is displayed<br>]]>
        </line>
        <line>
            <![CDATA[<h1 style="color:green;font-size:15px;">Test Passed</h1> ]]>
        </line>
        <line>
            <![CDATA[Step : Click on sign_up_button<br>]]>
        </line>
        <line>
            <![CDATA[Step : Click on sign_up_blue_button<br>]]>
        </line>
        <line>
            <![CDATA[Step : verify error_message_sign_up_email_box is displayed<br>]]>
        </line>
        <line>
            <![CDATA[<h1 style="color:green;font-size:15px;">Test Passed</h1> ]]>
        </line>
        <line>
            <![CDATA[Step : verify error_message_sign_up_confirm_email_box is displayed<br>]]>
        </line>
        <line>
            <![CDATA[<h1 style="color:green;font-size:15px;">Test Passed</h1> ]]>
        </line>
        <line>
            <![CDATA[Step : verify error_message_sign_up_password_box is displayed<br>]]>
        </line>
        <line>
            <![CDATA[<h1 style="color:green;font-size:15px;">Test Passed</h1> ]]>
        </line>
        <line>
            <![CDATA[Step : verify error_message_sign_up_confirm_password is displayed<br>]]>
        </line>
        <line>
            <![CDATA[<h1 style="color:green;font-size:15px;">Test Passed</h1> ]]>
        </line>
        <line>
            <![CDATA[Test Case Id : <a href="https://app.qase.io/case/NP-153"></a>]]>
        </line>
        <line>
            <![CDATA[Step : verify okey_button_popup is displayed<br>]]>
        </line>
        <line>
            <![CDATA[<h1 style="color:green;font-size:15px;">Test Passed</h1> ]]>
        </line>
        <line>
            <![CDATA[Step : Click on okey_button_popup<br>]]>
        </line>
        <line>
            <![CDATA[Step : verify sign_up_button is displayed<br>]]>
        </line>
        <line>
            <![CDATA[<h1 style="color:green;font-size:15px;">Test Passed</h1> ]]>
        </line>
        <line>
            <![CDATA[Step : Click on sign_up_button<br>]]>
        </line>
        <line>
            <![CDATA[Step : Click on sign_up_email_box<br>]]>
        </line>
        <line>
            <![CDATA[Step : Enter text manisha+123@yopmail.com at locator sign_up_email_box<br>]]>
        </line>
        <line>
            <![CDATA[Step : Click on sign_up_confirm_email_box<br>]]>
        </line>
        <line>
            <![CDATA[Step : Enter text manisha+123@yopmail.com at locator sign_up_confirm_email_box<br>]]>
        </line>
        <line>
            <![CDATA[Step : Click on sign_up_password_box<br>]]>
        </line>
        <line>
            <![CDATA[Step : Enter text          at locator sign_up_password_box<br>]]>
        </line>
        <line>
            <![CDATA[Step : Click on sign_up_confirm_password<br>]]>
        </line>
        <line>
            <![CDATA[Step : Enter text          at locator sign_up_confirm_password<br>]]>
        </line>
        <line>
            <![CDATA[Step : Click on sign_up_blue_button<br>]]>
        </line>
        <line>
            <![CDATA[Step : verify user_already_exit_message is displayed<br>]]>
        </line>
        <line>
            <![CDATA[<h1 style="color:green;font-size:15px;">Test Passed</h1> ]]>
        </line>
        <line>
            <![CDATA[Test Case Id : <a href="https://app.qase.io/case/NP-150"></a>]]>
        </line>
        <line>
            <![CDATA[Step : verify okey_button_popup is displayed<br>]]>
        </line>
        <line>
            <![CDATA[<h1 style="color:green;font-size:15px;">Test Passed</h1> ]]>
        </line>
        <line>
            <![CDATA[Step : Click on okey_button_popup<br>]]>
        </line>
        <line>
            <![CDATA[Step : verify sign_up_button is displayed<br>]]>
        </line>
        <line>
            <![CDATA[<h1 style="color:green;font-size:15px;">Test Passed</h1> ]]>
        </line>
        <line>
            <![CDATA[Step : Click on sign_up_button<br>]]>
        </line>
        <line>
            <![CDATA[Step : verify sign_up_confirm_email_box is displayed<br>]]>
        </line>
        <line>
            <![CDATA[<h1 style="color:green;font-size:15px;">Test Passed</h1> ]]>
        </line>
        <line>
            <![CDATA[Step : verify terms_and_conditions_link is displayed<br>]]>
        </line>
        <line>
            <![CDATA[Step : Incorrect Locator Type<br>]]>
        </line>
        <line>
            <![CDATA[<h1 style="color:green;font-size:15px;">Test Passed</h1> ]]>
        </line>
        <line>
            <![CDATA[Step : Click on terms_and_conditions_link<br>]]>
        </line>
        <line>
            <![CDATA[Step : Incorrect Locator Type<br>]]>
        </line>
        <line>
            <![CDATA[Step : verify terms_and_conditions_header is displayed<br>]]>
        </line>
        <line>
            <![CDATA[Step : Incorrect Locator Type<br>]]>
        </line>
        <line>
            <![CDATA[<h1 style="color:green;font-size:15px;">Test Passed</h1> ]]>
        </line>
        <line>
            <![CDATA[Step : verify agree_button is displayed<br>]]>
        </line>
        <line>
            <![CDATA[Step : Incorrect Locator Type<br>]]>
        </line>
        <line>
            <![CDATA[<h1 style="color:green;font-size:15px;">Test Passed</h1> ]]>
        </line>
        <line>
            <![CDATA[Test Case Id : <a href="https://app.qase.io/case/NP-154"></a>]]>
        </line>
        <line>
            <![CDATA[Step : verify okey_button_popup is displayed<br>]]>
        </line>
        <line>
            <![CDATA[<h1 style="color:green;font-size:15px;">Test Passed</h1> ]]>
        </line>
        <line>
            <![CDATA[Step : Click on okey_button_popup<br>]]>
        </line>
        <line>
            <![CDATA[Step : verify sign_up_button is displayed<br>]]>
        </line>
        <line>
            <![CDATA[<h1 style="color:green;font-size:15px;">Test Passed</h1> ]]>
        </line>
        <line>
            <![CDATA[Step : Click on sign_up_button<br>]]>
        </line>
        <line>
            <![CDATA[Step : verify sign_up_confirm_email_box is displayed<br>]]>
        </line>
        <line>
            <![CDATA[<h1 style="color:green;font-size:15px;">Test Passed</h1> ]]>
        </line>
        <line>
            <![CDATA[Step : verify terms_and_conditions_link is displayed<br>]]>
        </line>
        <line>
            <![CDATA[Step : Incorrect Locator Type<br>]]>
        </line>
        <line>
            <![CDATA[<h1 style="color:green;font-size:15px;">Test Passed</h1> ]]>
        </line>
        <line>
            <![CDATA[Step : Click on terms_and_conditions_link<br>]]>
        </line>
        <line>
            <![CDATA[Step : Incorrect Locator Type<br>]]>
        </line>
        <line>
            <![CDATA[Step : verify terms_and_conditions_header is displayed<br>]]>
        </line>
        <line>
            <![CDATA[Step : Incorrect Locator Type<br>]]>
        </line>
        <line>
            <![CDATA[<h1 style="color:green;font-size:15px;">Test Passed</h1> ]]>
        </line>
        <line>
            <![CDATA[Step : verify agree_button is displayed<br>]]>
        </line>
        <line>
            <![CDATA[Step : Incorrect Locator Type<br>]]>
        </line>
        <line>
            <![CDATA[<h1 style="color:green;font-size:15px;">Test Passed</h1> ]]>
        </line>
        <line>
            <![CDATA[Step : Click on agree_button<br>]]>
        </line>
        <line>
            <![CDATA[Step : Incorrect Locator Type<br>]]>
        </line>
        <line>
            <![CDATA[Step : verify sign_up_confirm_email_box is displayed<br>]]>
        </line>
        <line>
            <![CDATA[<h1 style="color:green;font-size:15px;">Test Passed</h1> ]]>
        </line>
        <line>
            <![CDATA[Test Case Id : <a href="https://app.qase.io/case/NP-152"></a>]]>
        </line>
        <line>
            <![CDATA[Step : verify okey_button_popup is displayed<br>]]>
        </line>
        <line>
            <![CDATA[<h1 style="color:green;font-size:15px;">Test Passed</h1> ]]>
        </line>
        <line>
            <![CDATA[Step : Click on okey_button_popup<br>]]>
        </line>
        <line>
            <![CDATA[Step : verify sign_up_button is displayed<br>]]>
        </line>
        <line>
            <![CDATA[<h1 style="color:green;font-size:15px;">Test Passed</h1> ]]>
        </line>
        <line>
            <![CDATA[Step : Click on sign_up_button<br>]]>
        </line>
        <line>
            <![CDATA[Step : verify sign_up_confirm_email_box is displayed<br>]]>
        </line>
        <line>
            <![CDATA[<h1 style="color:green;font-size:15px;">Test Passed</h1> ]]>
        </line>
        <line>
            <![CDATA[Step : verify need_Help_SignUp_Screen is displayed<br>]]>
        </line>
        <line>
            <![CDATA[Step : Incorrect Locator Type<br>]]>
        </line>
        <line>
            <![CDATA[<h1 style="color:green;font-size:15px;">Test Passed</h1> ]]>
        </line>
        <line>
            <![CDATA[Step : Click on need_Help_SignUp_Screen<br>]]>
        </line>
        <line>
            <![CDATA[Step : Incorrect Locator Type<br>]]>
        </line>
        <line>
            <![CDATA[Step : verify help_for_caregivers is displayed<br>]]>
        </line>
        <line>
            <![CDATA[<h1 style="color:green;font-size:15px;">Test Passed</h1> ]]>
        </line>
        <line>
            <![CDATA[Test Case Id : <a href="https://app.qase.io/case/NP-153"></a>]]>
        </line>
        <line>
            <![CDATA[Step : verify okey_button_popup is displayed<br>]]>
        </line>
        <line>
            <![CDATA[<h1 style="color:green;font-size:15px;">Test Passed</h1> ]]>
        </line>
        <line>
            <![CDATA[Step : Click on okey_button_popup<br>]]>
        </line>
        <line>
            <![CDATA[Step : verify sign_up_button is displayed<br>]]>
        </line>
        <line>
            <![CDATA[<h1 style="color:green;font-size:15px;">Test Passed</h1> ]]>
        </line>
        <line>
            <![CDATA[Step : Click on sign_up_button<br>]]>
        </line>
        <line>
            <![CDATA[Step : Click on sign_up_email_box<br>]]>
        </line>
        <line>
            <![CDATA[Step : Enter text abcxyz0.4436490617063663@yopmail.com at locator sign_up_email_box<br>]]>
        </line>
        <line>
            <![CDATA[Step : Click on sign_up_confirm_email_box<br>]]>
        </line>
        <line>
            <![CDATA[Step : Enter text abcxyz0.4436490617063663@yopmail.com at locator sign_up_confirm_email_box<br>]]>
        </line>
        <line>
            <![CDATA[Step : Click on sign_up_password_box<br>]]>
        </line>
        <line>
            <![CDATA[Step : Enter text   at locator sign_up_password_box<br>]]>
        </line>
        <line>
            <![CDATA[Step : Click on sign_up_confirm_password<br>]]>
        </line>
        <line>
            <![CDATA[Step : Enter text   at locator sign_up_confirm_password<br>]]>
        </line>
        <line>
            <![CDATA[Step : Click on sign_up_blue_button<br>]]>
        </line>
        <line>
            <![CDATA[Step : verify phone_number_text is displayed<br>]]>
        </line>
        <line>
            <![CDATA[<h1 style="color:green;font-size:15px;">Test Passed</h1> ]]>
        </line>
        <line>
            <![CDATA[Test Case Id : <a href="https://app.qase.io/case/NP-139"></a>]]>
        </line>
        <line>
            <![CDATA[Step : verify okey_button_popup is displayed<br>]]>
        </line>
        <line>
            <![CDATA[<h1 style="color:green;font-size:15px;">Test Passed</h1> ]]>
        </line>
        <line>
            <![CDATA[Step : Click on okey_button_popup<br>]]>
        </line>
        <line>
            <![CDATA[Step : Click on email<br>]]>
        </line>
        <line>
            <![CDATA[Step : Enter text viral@nevvon.com at locator email<br>]]>
        </line>
        <line>
            <![CDATA[Step : Click on password<br>]]>
        </line>
        <line>
            <![CDATA[Step : Enter text Viral@1010 at locator password<br>]]>
        </line>
        <line>
            <![CDATA[Step : Click on login_button<br>]]>
        </line>
        <line>
            <![CDATA[Step : Incorrect Locator Type<br>]]>
        </line>
        <line>
            <![CDATA[Step : verify change_Agency is displayed<br>]]>
        </line>
        <line>
            <![CDATA[<h1 style="color:green;font-size:15px;">Test Passed</h1> ]]>
        </line>
        <line>
            <![CDATA[Step : Click on change_Agency<br>]]>
        </line>
        <line>
            <![CDATA[Step : verify homeCare_Agency_option is displayed<br>]]>
        </line>
        <line>
            <![CDATA[<h1 style="color:green;font-size:15px;">Test Passed</h1> ]]>
        </line>
        <line>
            <![CDATA[Step : verify QA_team_Agency_option is displayed<br>]]>
        </line>
        <line>
            <![CDATA[<h1 style="color:green;font-size:15px;">Test Passed</h1> ]]>
        </line>
        <line>
            <![CDATA[Step : Click on QA_team_Agency_option<br>]]>
        </line>
        <line>
            <![CDATA[Step : verify QA_team_Agency_button is displayed<br>]]>
        </line>
        <line>
            <![CDATA[<h1 style="color:green;font-size:15px;">Test Passed</h1> ]]>
        </line>
        <line>
            <![CDATA[Step : Click on QA_team_Agency_button<br>]]>
        </line>
        <line>
            <![CDATA[Step : verify homeCare_Agency_option is displayed<br>]]>
        </line>
        <line>
            <![CDATA[<h1 style="color:green;font-size:15px;">Test Passed</h1> ]]>
        </line>
        <line>
            <![CDATA[Step : Click on homeCare_Agency_option<br>]]>
        </line>
        <line>
            <![CDATA[Step : verify change_Agency is displayed<br>]]>
        </line>
        <line>
            <![CDATA[<h1 style="color:green;font-size:15px;">Test Passed</h1> ]]>
        </line>
        <line>
            <![CDATA[Test Case Id : <a href="https://app.qase.io/case/NP-155"></a>]]>
        </line>
        <line>
            <![CDATA[Step : verify okey_button_popup is displayed<br>]]>
        </line>
        <line>
            <![CDATA[<h1 style="color:green;font-size:15px;">Test Passed</h1> ]]>
        </line>
        <line>
            <![CDATA[Step : Click on okey_button_popup<br>]]>
        </line>
        <line>
            <![CDATA[Step : Click on email<br>]]>
        </line>
        <line>
            <![CDATA[Step : Enter text viral@nevvon.com at locator email<br>]]>
        </line>
        <line>
            <![CDATA[Step : Click on password<br>]]>
        </line>
        <line>
            <![CDATA[Step : Enter text Viral@1010 at locator password<br>]]>
        </line>
        <line>
            <![CDATA[Step : Click on login_button<br>]]>
        </line>
        <line>
            <![CDATA[Step : Incorrect Locator Type<br>]]>
        </line>
        <line>
            <![CDATA[Test Case Id : <a href="https://app.qase.io/case/NP-119"></a>]]>
        </line>
        <line>
            <![CDATA[Step : verify okey_button_popup is displayed<br>]]>
        </line>
        <line>
            <![CDATA[<h1 style="color:green;font-size:15px;">Test Passed</h1> ]]>
        </line>
        <line>
            <![CDATA[Step : Click on okey_button_popup<br>]]>
        </line>
        <line>
            <![CDATA[Step : Click on email<br>]]>
        </line>
        <line>
            <![CDATA[Step : Enter text viral@nevvon.com at locator email<br>]]>
        </line>
        <line>
            <![CDATA[Step : Click on password<br>]]>
        </line>
        <line>
            <![CDATA[Step : Enter text Viral@1010 at locator password<br>]]>
        </line>
        <line>
            <![CDATA[Step : Click on login_button<br>]]>
        </line>
        <line>
            <![CDATA[Step : Incorrect Locator Type<br>]]>
        </line>
        <line>
            <![CDATA[Step : verify change_Agency is displayed<br>]]>
        </line>
        <line>
            <![CDATA[<h1 style="color:green;font-size:15px;">Test Passed</h1> ]]>
        </line>
        <line>
            <![CDATA[Step : Click on first_video_of_6m<br>]]>
        </line>
        <line>
            <![CDATA[Step : Incorrect Locator Type<br>]]>
        </line>
        <line>
            <![CDATA[Step : verify home_back_button is displayed<br>]]>
        </line>
        <line>
            <![CDATA[<h1 style="color:green;font-size:15px;">Test Passed</h1> ]]>
        </line>
        <line>
            <![CDATA[Step : Click on ok_button<br>]]>
        </line>
        <line>
            <![CDATA[Step : Incorrect Locator Type<br>]]>
        </line>
        <line>
            <![CDATA[Step : verify contactUs_icon is displayed<br>]]>
        </line>
        <line>
            <![CDATA[<h1 style="color:green;font-size:15px;">Test Passed</h1> ]]>
        </line>
        <line>
            <![CDATA[Step : Click on home_back_button<br>]]>
        </line>
        <line>
            <![CDATA[Step : verify change_Agency is displayed<br>]]>
        </line>
        <line>
            <![CDATA[<h1 style="color:green;font-size:15px;">Test Passed</h1> ]]>
        </line>
        <line>
            <![CDATA[Test Case Id : <a href="https://app.qase.io/case/NP-126"></a>]]>
        </line>
        <line>
            <![CDATA[Step : verify okey_button_popup is displayed<br>]]>
        </line>
        <line>
            <![CDATA[<h1 style="color:green;font-size:15px;">Test Passed</h1> ]]>
        </line>
        <line>
            <![CDATA[Step : Click on okey_button_popup<br>]]>
        </line>
        <line>
            <![CDATA[Step : Click on email<br>]]>
        </line>
        <line>
            <![CDATA[Step : Enter text viral@nevvon.com at locator email<br>]]>
        </line>
        <line>
            <![CDATA[Step : Click on password<br>]]>
        </line>
        <line>
            <![CDATA[Step : Enter text Viral@1010 at locator password<br>]]>
        </line>
        <line>
            <![CDATA[Step : Click on login_button<br>]]>
        </line>
        <line>
            <![CDATA[Step : Incorrect Locator Type<br>]]>
        </line>
        <line>
            <![CDATA[Step : Click on home_page_video<br>]]>
        </line>
        <line>
            <![CDATA[Step : verify contactUs_icon is displayed<br>]]>
        </line>
        <line>
            <![CDATA[<h1 style="color:green;font-size:15px;">Test Passed</h1> ]]>
        </line>
        <line>
            <![CDATA[Step : Click on contactUs_icon<br>]]>
        </line>
        <line>
            <![CDATA[Step : verify contactUs_Page_Header is displayed<br>]]>
        </line>
        <line>
            <![CDATA[Step : Incorrect Locator Type<br>]]>
        </line>
        <line>
            <![CDATA[<h1 style="color:green;font-size:15px;">Test Passed</h1> ]]>
        </line>
        <line>
            <![CDATA[Test Case Id : <a href="https://app.qase.io/case/NP-127"></a>]]>
        </line>
        <line>
            <![CDATA[Step : verify okey_button_popup is displayed<br>]]>
        </line>
        <line>
            <![CDATA[<h1 style="color:green;font-size:15px;">Test Passed</h1> ]]>
        </line>
        <line>
            <![CDATA[Step : Click on okey_button_popup<br>]]>
        </line>
        <line>
            <![CDATA[Step : Click on email<br>]]>
        </line>
        <line>
            <![CDATA[Step : Enter text viral@nevvon.com at locator email<br>]]>
        </line>
        <line>
            <![CDATA[Step : Click on password<br>]]>
        </line>
        <line>
            <![CDATA[Step : Enter text Viral@1010 at locator password<br>]]>
        </line>
        <line>
            <![CDATA[Step : Click on login_button<br>]]>
        </line>
        <line>
            <![CDATA[Step : Incorrect Locator Type<br>]]>
        </line>
        <line>
            <![CDATA[Step : Click on home_page_video<br>]]>
        </line>
        <line>
            <![CDATA[Step : verify contactUs_icon is displayed<br>]]>
        </line>
        <line>
            <![CDATA[<h1 style="color:green;font-size:15px;">Test Passed</h1> ]]>
        </line>
        <line>
            <![CDATA[Step : Click on contactUs_icon<br>]]>
        </line>
        <line>
            <![CDATA[Step : verify contactUs_Page_Header is displayed<br>]]>
        </line>
        <line>
            <![CDATA[Step : Incorrect Locator Type<br>]]>
        </line>
        <line>
            <![CDATA[<h1 style="color:green;font-size:15px;">Test Passed</h1> ]]>
        </line>
        <line>
            <![CDATA[Step : Click on back_button<br>]]>
        </line>
        <line>
            <![CDATA[Step : Click on play_video_button<br>]]>
        </line>
        <line>
            <![CDATA[Test Case Id : <a href="https://app.qase.io/case/NP-128"></a>]]>
        </line>
        <line>
            <![CDATA[Step : verify okey_button_popup is displayed<br>]]>
        </line>
        <line>
            <![CDATA[<h1 style="color:green;font-size:15px;">Test Passed</h1> ]]>
        </line>
        <line>
            <![CDATA[Step : Click on okey_button_popup<br>]]>
        </line>
        <line>
            <![CDATA[Step : Click on email<br>]]>
        </line>
        <line>
            <![CDATA[Step : Enter text viral@nevvon.com at locator email<br>]]>
        </line>
        <line>
            <![CDATA[Step : Click on password<br>]]>
        </line>
        <line>
            <![CDATA[Step : Enter text Viral@1010 at locator password<br>]]>
        </line>
        <line>
            <![CDATA[Step : Click on login_button<br>]]>
        </line>
        <line>
            <![CDATA[Step : Incorrect Locator Type<br>]]>
        </line>
        <line>
            <![CDATA[Step : Click on home_page_video<br>]]>
        </line>
        <line>
            <![CDATA[Step : verify contactUs_icon is displayed<br>]]>
        </line>
        <line>
            <![CDATA[<h1 style="color:green;font-size:15px;">Test Passed</h1> ]]>
        </line>
        <line>
            <![CDATA[Step : Click on contactUs_icon<br>]]>
        </line>
        <line>
            <![CDATA[Step : verify contactUs_Page_Header is displayed<br>]]>
        </line>
        <line>
            <![CDATA[Step : Incorrect Locator Type<br>]]>
        </line>
        <line>
            <![CDATA[<h1 style="color:green;font-size:15px;">Test Passed</h1> ]]>
        </line>
        <line>
            <![CDATA[Step : verify select_topic_dropdown is displayed<br>]]>
        </line>
        <line>
            <![CDATA[Step : Incorrect Locator Type<br>]]>
        </line>
        <line>
            <![CDATA[<h1 style="color:green;font-size:15px;">Test Passed</h1> ]]>
        </line>
        <line>
            <![CDATA[Step : Click on select_topic_dropdown<br>]]>
        </line>
        <line>
            <![CDATA[Step : Incorrect Locator Type<br>]]>
        </line>
        <line>
            <![CDATA[Step : verify the_lesson_is_frozen is displayed<br>]]>
        </line>
        <line>
            <![CDATA[Step : Incorrect Locator Type<br>]]>
        </line>
        <line>
            <![CDATA[<h1 style="color:green;font-size:15px;">Test Passed</h1> ]]>
        </line>
        <line>
            <![CDATA[Step : verify complete_the_program is displayed<br>]]>
        </line>
        <line>
            <![CDATA[Step : Incorrect Locator Type<br>]]>
        </line>
        <line>
            <![CDATA[<h1 style="color:green;font-size:15px;">Test Passed</h1> ]]>
        </line>
        <line>
            <![CDATA[Step : verify something_else is displayed<br>]]>
        </line>
        <line>
            <![CDATA[Step : Incorrect Locator Type<br>]]>
        </line>
        <line>
            <![CDATA[<h1 style="color:green;font-size:15px;">Test Passed</h1> ]]>
        </line>
        <line>
            <![CDATA[Step : verify lesson_material is displayed<br>]]>
        </line>
        <line>
            <![CDATA[Step : Incorrect Locator Type<br>]]>
        </line>
        <line>
            <![CDATA[<h1 style="color:green;font-size:15px;">Test Passed</h1> ]]>
        </line>
        <line>
            <![CDATA[Step : Click on something_else<br>]]>
        </line>
        <line>
            <![CDATA[Step : Incorrect Locator Type<br>]]>
        </line>
        <line>
            <![CDATA[Step : verify something_else is displayed<br>]]>
        </line>
        <line>
            <![CDATA[Step : Incorrect Locator Type<br>]]>
        </line>
        <line>
            <![CDATA[<h1 style="color:green;font-size:15px;">Test Passed</h1> ]]>
        </line>
        <line>
            <![CDATA[Test Case Id : <a href="https://app.qase.io/case/NP-130"></a>]]>
        </line>
        <line>
            <![CDATA[Step : verify okey_button_popup is displayed<br>]]>
        </line>
        <line>
            <![CDATA[<h1 style="color:green;font-size:15px;">Test Passed</h1> ]]>
        </line>
        <line>
            <![CDATA[Step : Click on okey_button_popup<br>]]>
        </line>
        <line>
            <![CDATA[Step : Click on email<br>]]>
        </line>
        <line>
            <![CDATA[Step : Enter text viral@nevvon.com at locator email<br>]]>
        </line>
        <line>
            <![CDATA[Step : Click on password<br>]]>
        </line>
        <line>
            <![CDATA[Step : Enter text Viral@1010 at locator password<br>]]>
        </line>
        <line>
            <![CDATA[Step : Click on login_button<br>]]>
        </line>
        <line>
            <![CDATA[Step : Incorrect Locator Type<br>]]>
        </line>
        <line>
            <![CDATA[Step : Click on home_page_video<br>]]>
        </line>
        <line>
            <![CDATA[Step : verify contactUs_icon is displayed<br>]]>
[...]
                        </line>
                        <line>
                            <![CDATA[Step : verify contactUs_icon is displayed<br>]]>
                        </line>
                        <line>
                            <![CDATA[<h1 style="color:green;font-size:15px;">Test Passed</h1> ]]>
                        </line>
                    </reporter-output>
                </test-method> <!-- To_verify_user_that_when_user_click_on_OK_button_it_redirects_to_lesson -->
                <test-method is-config="true" signature="tear_down(org.testng.ITestResult)[pri:0, instance:mobile.tests.contactUs.contactUs_Test@6e20b53a]" started-at="2022-09-27T20:03:08 IST" name="tear_down" finished-at="2022-09-27T20:03:09 IST" duration-ms="349" status="PASS">
                    <params>
                        <param index="0">
                            <value>
                                <![CDATA[[TestResult name=To_verify_user_that_when_user_click_on_OK_button_it_redirects_to_lesson status=SUCCESS method=contactUs_Test.To_verify_user_that_when_user_click_on_OK_button_it_redirects_to_lesson()[pri:0, instance:mobile.tests.contactUs.contactUs_Test@6e20b53a] output=Test Case Id : <a href="https://app.qase.io/case/NP-134"></a>]]]>
                            </value>
                        </param>
                    </params>
                    <reporter-output>
                    </reporter-output>
                </test-method> <!-- tear_down -->
            </class> <!-- mobile.tests.contactUs.contactUs_Test -->
        </test> <!-- To verify user that when user click on OK button, it redirects to lesson -->
        <test started-at="2022-09-27T20:03:09 IST" name="To verify user is able to submit query with adding all the data" finished-at="2022-09-27T20:04:27 IST" duration-ms="78314">
            <class name="mobile.tests.contactUs.contactUs_Test">
                <test-method is-config="true" signature="init()[pri:0, instance:mobile.tests.contactUs.contactUs_Test@158da8e]" started-at="2022-09-27T20:03:09 IST" name="init" finished-at="2022-09-27T20:03:17 IST" duration-ms="8220" status="PASS">
                    <reporter-output>
                    </reporter-output>
                </test-method> <!-- init -->
                <test-method signature="To_verify_user_is_able_to_submit_query_with_adding_all_the_data()[pri:0, instance:mobile.tests.contactUs.contactUs_Test@158da8e]" started-at="2022-09-27T20:03:17 IST" name="To_verify_user_is_able_to_submit_query_with_adding_all_the_data" finished-at="2022-09-27T20:04:27 IST" duration-ms="69834" status="PASS">
                    <reporter-output>
                        <line>
                            <![CDATA[Test Case Id : <a href="https://app.qase.io/case/NP-135"></a>]]>
                        </line>
                        <line>
                            <![CDATA[Step : verify okey_button_popup is displayed<br>]]>
                        </line>
                        <line>
                            <![CDATA[<h1 style="color:green;font-size:15px;">Test Passed</h1> ]]>
                        </line>
                        <line>
                            <![CDATA[Step : Click on okey_button_popup<br>]]>
                        </line>
                        <line>
                            <![CDATA[Step : Click on email<br>]]>
                        </line>
                        <line>
                            <![CDATA[Step : Enter text viral@nevvon.com at locator email<br>]]>
                        </line>
                        <line>
                            <![CDATA[Step : Click on password<br>]]>
                        </line>
                        <line>
                            <![CDATA[Step : Enter text Viral@1010 at locator password<br>]]>
                        </line>
                        <line>
                            <![CDATA[Step : Click on login_button<br>]]>
                        </line>
                        <line>
                            <![CDATA[Step : Incorrect Locator Type<br>]]>
                        </line>
                        <line>
                            <![CDATA[Step : Click on home_page_video<br>]]>
                        </line>
                        <line>
                            <![CDATA[Step : verify contactUs_icon is displayed<br>]]>
                        </line>
                        <line>
                            <![CDATA[<h1 style="color:green;font-size:15px;">Test Passed</h1> ]]>
                        </line>
                        <line>
                            <![CDATA[Step : Click on contactUs_icon<br>]]>
                        </line>
                        <line>
                            <![CDATA[Step : verify contactUs_Page_Header is displayed<br>]]>
                        </line>
                        <line>
                            <![CDATA[Step : Incorrect Locator Type<br>]]>
                        </line>
                        <line>
                            <![CDATA[<h1 style="color:green;font-size:15px;">Test Passed</h1> ]]>
                        </line>
                        <line>
                            <![CDATA[Step : verify select_topic_dropdown is displayed<br>]]>
                        </line>
                        <line>
                            <![CDATA[Step : Incorrect Locator Type<br>]]>
                        </line>
                        <line>
                            <![CDATA[<h1 style="color:green;font-size:15px;">Test Passed</h1> ]]>
                        </line>
                        <line>
                            <![CDATA[Step : Click on select_topic_dropdown<br>]]>
                        </line>
                        <line>
                            <![CDATA[Step : Incorrect Locator Type<br>]]>
                        </line>
                        <line>
                            <![CDATA[Step : verify something_else is displayed<br>]]>
                        </line>
                        <line>
                            <![CDATA[Step : Incorrect Locator Type<br>]]>
                        </line>
                        <line>
                            <![CDATA[<h1 style="color:green;font-size:15px;">Test Passed</h1> ]]>
                        </line>
                        <line>
                            <![CDATA[Step : Click on something_else<br>]]>
                        </line>
                        <line>
                            <![CDATA[Step : Incorrect Locator Type<br>]]>
                        </line>
                        <line>
                            <![CDATA[Step : verify something_else is displayed<br>]]>
                        </line>
                        <line>
                            <![CDATA[Step : Incorrect Locator Type<br>]]>
                        </line>
                        <line>
                            <![CDATA[<h1 style="color:green;font-size:15px;">Test Passed</h1> ]]>
                        </line>
                        <line>
                            <![CDATA[Step : Click on describe_your_problem_textBox<br>]]>
                        </line>
                        <line>
                            <![CDATA[Step : Enter text Automation Script at locator describe_your_problem_textBox<br>]]>
                        </line>
                        <line>
                            <![CDATA[Step : Click on submit_button<br>]]>
                        </line>
                        <line>
                            <![CDATA[Step : Incorrect Locator Type<br>]]>
                        </line>
                        <line>
                            <![CDATA[Step : verify request_sent is displayed<br>]]>
                        </line>
                        <line>
                            <![CDATA[Step : Incorrect Locator Type<br>]]>
                        </line>
                        <line>
                            <![CDATA[<h1 style="color:green;font-size:15px;">Test Passed</h1> ]]>
                        </line>
                        <line>
                            <![CDATA[Step : verify message_sent_successfully is displayed<br>]]>
                        </line>
                        <line>
                            <![CDATA[Step : Incorrect Locator Type<br>]]>
                        </line>
                        <line>
                            <![CDATA[<h1 style="color:green;font-size:15px;">Test Passed</h1> ]]>
                        </line>
                        <line>
                            <![CDATA[Step : Click on ok_button<br>]]>
                        </line>
                        <line>
                            <![CDATA[Step : Incorrect Locator Type<br>]]>
                        </line>
                        <line>
                            <![CDATA[Step : verify contactUs_icon is displayed<br>]]>
                        </line>
                        <line>
                            <![CDATA[<h1 style="color:green;font-size:15px;">Test Passed</h1> ]]>
                        </line>
                    </reporter-output>
                </test-method> <!-- To_verify_user_is_able_to_submit_query_with_adding_all_the_data -->
                <test-method is-config="true" signature="tear_down(org.testng.ITestResult)[pri:0, instance:mobile.tests.contactUs.contactUs_Test@158da8e]" started-at="2022-09-27T20:04:27 IST" name="tear_down" finished-at="2022-09-27T20:04:27 IST" duration-ms="260" status="PASS">
                    <params>
                        <param index="0">
                            <value>
                                <![CDATA[[TestResult name=To_verify_user_is_able_to_submit_query_with_adding_all_the_data status=SUCCESS method=contactUs_Test.To_verify_user_is_able_to_submit_query_with_adding_all_the_data()[pri:0, instance:mobile.tests.contactUs.contactUs_Test@158da8e] output=Test Case Id : <a href="https://app.qase.io/case/NP-135"></a>]]]>
                            </value>
                        </param>
                    </params>
                    <reporter-output>
                    </reporter-output>
                </test-method> <!-- tear_down -->
            </class> <!-- mobile.tests.contactUs.contactUs_Test -->
        </test> <!-- To verify user is able to submit query with adding all the data -->
        <test started-at="2022-09-27T20:04:27 IST" name="To verify that clicking on Back to Home button leads to Home page of the help" finished-at="2022-09-27T20:05:51 IST" duration-ms="83816">
            <class name="mobile.tests.help.help_test">
                <test-method is-config="true" signature="init()[pri:0, instance:mobile.tests.help.help_test@323b36e0]" started-at="2022-09-27T20:04:27 IST" name="init" finished-at="2022-09-27T20:04:35 IST" duration-ms="8100" status="PASS">
                    <reporter-output>
                    </reporter-output>
                </test-method> <!-- init -->
                <test-method signature="To_verify_that_clicking_on_Back_to_Home_button_leads_to_Home_page_of_the_help(java.lang.String,java.lang.String,java.lang.String)[pri:0, instance:mobile.tests.help.help_test@323b36e0]" started-at="2022-09-27T20:04:35 IST" name="To_verify_that_clicking_on_Back_to_Home_button_leads_to_Home_page_of_the_help" data-provider="mobile_user_login" finished-at="2022-09-27T20:05:50 IST" duration-ms="75173" status="FAIL">
                    <params>
                        <param index="0">
                            <value>
                                <![CDATA[manisha+123@yopmail.com]]>
                            </value>
                        </param>
                        <param index="1">
                            <value>
                                <![CDATA[QA_12345]]>
                            </value>
                        </param>
                        <param index="2">
                            <value>
                                <![CDATA[FFF]]>
                            </value>
                        </param>
                    </params>
                    <exception class="org.junit.ComparisonFailure">
                        <message>
                            <![CDATA[
Expecting value to be true but was false expected:<[tru]e> but was:<[fals]e>]]>
                        </message>
                        <full-stacktrace>
                            <![CDATA[org.junit.ComparisonFailure:
Expecting value to be true but was false expected:<[tru]e> but was:<[fals]e>
at java.base/jdk.internal.reflect.DirectConstructorHandleAccessor.newInstance(DirectConstructorHandleAccessor.java:67)
at java.base/java.lang.reflect.Constructor.newInstanceWithCaller(Constructor.java:499)
at io.unity.performaction.autoweb.Verify.element_is_present(Verify.java:39)
at mobile.object_repository.profile_page.profile_page.verify_language_tab_is_present_on_page(profile_page.java:78)
at mobile.tests.help.help_test.To_verify_that_clicking_on_Back_to_Home_button_leads_to_Home_page_of_the_help(help_test.java:52)
at java.base/jdk.internal.reflect.DirectMethodHandleAccessor.invoke(DirectMethodHandleAccessor.java:104)
at java.base/java.lang.reflect.Method.invoke(Method.java:577)
at org.testng.internal.MethodInvocationHelper.invokeMethod(MethodInvocationHelper.java:133)
at org.testng.internal.TestInvoker.invokeMethod(TestInvoker.java:598)
at org.testng.internal.TestInvoker.invokeTestMethod(TestInvoker.java:173)
at org.testng.internal.MethodRunner.runInSequence(MethodRunner.java:46)
at org.testng.internal.TestInvoker$MethodInvocationAgent.invoke(TestInvoker.java:824)
at org.testng.internal.TestInvoker.invokeTestMethods(TestInvoker.java:146)
at org.testng.internal.TestMethodWorker.invokeTestMethods(TestMethodWorker.java:146)
at org.testng.internal.TestMethodWorker.run(TestMethodWorker.java:128)
at java.base/java.util.ArrayList.forEach(ArrayList.java:1511)
at org.testng.TestRunner.privateRun(TestRunner.java:794)
at org.testng.TestRunner.run(TestRunner.java:596)
at org.testng.SuiteRunner.runTest(SuiteRunner.java:377)
at org.testng.SuiteRunner.runSequentially(SuiteRunner.java:371)
at org.testng.SuiteRunner.privateRun(SuiteRunner.java:332)
at org.testng.SuiteRunner.run(SuiteRunner.java:276)
at org.testng.SuiteRunnerWorker.runSuite(SuiteRunnerWorker.java:53)
at org.testng.SuiteRunnerWorker.run(SuiteRunnerWorker.java:96)
at org.testng.TestNG.runSuitesSequentially(TestNG.java:1212)
at org.testng.TestNG.runSuitesLocally(TestNG.java:1134)
at org.testng.TestNG.runSuites(TestNG.java:1063)
at org.testng.TestNG.run(TestNG.java:1031)
at com.intellij.rt.testng.IDEARemoteTestNG.run(IDEARemoteTestNG.java:66)
at com.intellij.rt.testng.RemoteTestNGStarter.main(RemoteTestNGStarter.java:109)
]]>
                        </full-stacktrace>
                    </exception> <!-- org.junit.ComparisonFailure -->
                    <reporter-output>
                        <line>
                            <![CDATA[Test Case Id : <a href="https://app.qase.io/case/NP-64"></a>]]>
                        </line>
                        <line>
                            <![CDATA[Step : verify okey_button_popup is displayed<br>]]>
                        </line>
                        <line>
                            <![CDATA[<h1 style="color:green;font-size:15px;">Test Passed</h1> ]]>
                        </line>
                        <line>
                            <![CDATA[Step : Click on okey_button_popup<br>]]>
                        </line>
                        <line>
                            <![CDATA[Step : verify email is displayed<br>]]>
                        </line>
                        <line>
                            <![CDATA[<h1 style="color:green;font-size:15px;">Test Passed</h1> ]]>
                        </line>
                        <line>
                            <![CDATA[Step : verify password is displayed<br>]]>
                        </line>
                        <line>
                            <![CDATA[<h1 style="color:green;font-size:15px;">Test Passed</h1> ]]>
                        </line>
                        <line>
                            <![CDATA[Step : verify login_button is displayed<br>]]>
                        </line>
                        <line>
                            <![CDATA[Step : Incorrect Locator Type<br>]]>
                        </line>
                        <line>
                            <![CDATA[<h1 style="color:green;font-size:15px;">Test Passed</h1> ]]>
                        </line>
                        <line>
                            <![CDATA[Step : Click on email<br>]]>
                        </line>
                        <line>
                            <![CDATA[Step : Enter text viral@nevvon.com at locator email<br>]]>
                        </line>
                        <line>
                            <![CDATA[Step : Click on password<br>]]>
                        </line>
                        <line>
                            <![CDATA[Step : Enter text Viral@1010 at locator password<br>]]>
                        </line>
                        <line>
                            <![CDATA[Step : Click on login_button<br>]]>
                        </line>
                        <line>
                            <![CDATA[Step : Incorrect Locator Type<br>]]>
                        </line>
                        <line>
                            <![CDATA[Step : Click on profile_icon<br>]]>
                        </line>
                        <line>
                            <![CDATA[Step : verify profile_tab is displayed<br>]]>
                        </line>
                        <line>
                            <![CDATA[<h1 style="color:green;font-size:15px;">Test Passed</h1> ]]>
                        </line>
                        <line>
                            <![CDATA[Step : verify language_tab is displayed<br>]]>
                        </line>
                    </reporter-output>
                </test-method> <!-- To_verify_that_clicking_on_Back_to_Home_button_leads_to_Home_page_of_the_help -->
                <test-method is-config="true" signature="tear_down(org.testng.ITestResult)[pri:0, instance:mobile.tests.help.help_test@323b36e0]" started-at="2022-09-27T20:05:50 IST" name="tear_down" finished-at="2022-09-27T20:05:51 IST" duration-ms="532" status="PASS">
                    <params>
                        <param index="0">
                            <value>
                                <![CDATA[[TestResult name=To_verify_that_clicking_on_Back_to_Home_button_leads_to_Home_page_of_the_help status=FAILURE method=help_test.To_verify_that_clicking_on_Back_to_Home_button_leads_to_Home_page_of_the_help(java.lang.String,java.lang.String,java.lang.String)[pri:0, instance:mobile.tests.help.help_test@323b36e0] output=Test Case Id : <a href="https://app.qase.io/case/NP-64"></a>]]]>
                            </value>
                        </param>
                    </params>
                    <reporter-output>
                        <line>
                            <![CDATA[<h1 style="color:red;font-size:15px;">Test Failed</h1>   ]]>
                        </line>
                        <line>
                            <![CDATA[Step : <img src="/Users/indianic/Documents/GitHub/testing/src/test/resources/failed_test_screenshot/To_verify_that_clicking_on_Back_to_Home_button_leads_to_Home_page_of_the_help_d76bn.png" alt="test" width="1024" height="640"><br>]]>
                        </line>
                    </reporter-output>
                </test-method> <!-- tear_down -->
            </class> <!-- mobile.tests.help.help_test -->
        </test> <!-- To verify that clicking on Back to Home button leads to Home page of the help -->
    </suite> <!-- Android App Testcases -->
</testng-results>
